<?xml version="1.0" encoding="UTF-8"?>
<!-- Generated by org.testng.reporters.JUnitReportReporter -->
<testsuite hostname="RABBI" failures="0" tests="1" name="ui.LocatorsTest" time="0.005" errors="0" timestamp="2024-05-30T16:11:25 BDT" skipped="0">
  <testcase classname="ui.LocatorsTest" name="locatorTest" time="0.005"/>
</testsuite> <!-- ui.LocatorsTest -->
